2023/06/17 10:37:27 [error] [exception.CHttpException.404] CHttpException: Unable to resolve the request "gii". in /var/www/html/yii/framework/web/CWebApplication.php:286
Stack trace:
#0 /var/www/html/yii/framework/web/CWebApplication.php(141): CWebApplication->runController()
#1 /var/www/html/yii/framework/base/CApplication.php(185): CWebApplication->processRequest()
#2 /var/www/html/yii/admin/index.php(13): CApplication->run()
#3 {main}
REQUEST_URI=/yii/admin/index.php?r=gii
---
2023/06/17 10:37:57 [error] [exception.CHttpException.404] CHttpException: Unable to resolve the request "gi". in /var/www/html/yii/framework/web/CWebApplication.php:286
Stack trace:
#0 /var/www/html/yii/framework/web/CWebApplication.php(141): CWebApplication->runController()
#1 /var/www/html/yii/framework/base/CApplication.php(185): CWebApplication->processRequest()
#2 /var/www/html/yii/admin/index.php(13): CApplication->run()
#3 {main}
REQUEST_URI=/yii/admin/index.php?r=gi
---
2023/06/17 10:38:10 [error] [exception.CHttpException.404] CHttpException: Unable to resolve the request "gii". in /var/www/html/yii/framework/web/CWebApplication.php:286
Stack trace:
#0 /var/www/html/yii/framework/web/CWebApplication.php(141): CWebApplication->runController()
#1 /var/www/html/yii/framework/base/CApplication.php(185): CWebApplication->processRequest()
#2 /var/www/html/yii/admin/index.php(13): CApplication->run()
#3 {main}
REQUEST_URI=/yii/admin/index.php?r=gii
---
2023/06/17 10:41:45 [error] [exception.CDbException] CDbException: CDbConnection failed to open the DB connection: could not find driver in /var/www/html/yii/framework/db/CDbConnection.php:399
Stack trace:
#0 /var/www/html/yii/framework/db/CDbConnection.php(347): CDbConnection->open()
#1 /var/www/html/yii/framework/db/CDbConnection.php(325): CDbConnection->setActive()
#2 /var/www/html/yii/framework/base/CModule.php(394): CDbConnection->init()
#3 /var/www/html/yii/framework/base/CModule.php(103): CModule->getComponent()
#4 /var/www/html/yii/framework/gii/generators/crud/CrudCode.php(44): CModule->__get()
#5 /var/www/html/yii/framework/web/CFormModel.php(39): CrudCode->init()
#6 /var/www/html/yii/framework/gii/CCodeGenerator.php(153): CFormModel->__construct()
#7 /var/www/html/yii/framework/gii/CCodeGenerator.php(63): CCodeGenerator->prepare()
#8 /var/www/html/yii/framework/web/actions/CInlineAction.php(49): CCodeGenerator->actionIndex()
#9 /var/www/html/yii/framework/web/CController.php(308): CInlineAction->runWithParams()
#10 /var/www/html/yii/framework/web/CController.php(286): CController->runAction()
#11 /var/www/html/yii/framework/web/CController.php(265): CController->runActionWithFilters()
#12 /var/www/html/yii/framework/web/CWebApplication.php(282): CController->run()
#13 /var/www/html/yii/framework/web/CWebApplication.php(141): CWebApplication->runController()
#14 /var/www/html/yii/framework/base/CApplication.php(185): CWebApplication->processRequest()
#15 /var/www/html/yii/admin/index.php(13): CApplication->run()
#16 {main}
REQUEST_URI=/yii/admin/index.php?r=gii/crud/index
HTTP_REFERER=http://localhost/yii/admin/index.php?r=gii/default/index
---
2023/06/17 11:17:44 [error] [php] include(ProductoController.php): Failed to open stream: No such file or directory (/var/www/html/yii/framework/YiiBase.php:463)
Stack trace:
#0 /var/www/html/yii/framework/YiiBase.php(463): include()
#1 /var/www/html/yii/admin/protected/controllers/ProductosController.php(3): autoload()
#2 /var/www/html/yii/framework/web/CWebApplication.php(354): require()
#3 /var/www/html/yii/framework/web/CWebApplication.php(276): CWebApplication->createController()
#4 /var/www/html/yii/framework/web/CWebApplication.php(141): CWebApplication->runController()
#5 /var/www/html/yii/framework/base/CApplication.php(185): CWebApplication->processRequest()
#6 /var/www/html/yii/admin/index.php(13): CWebApplication->run()
REQUEST_URI=/yii/admin/index.php?r=productos/index
in /var/www/html/yii/admin/protected/controllers/ProductosController.php (3)
in /var/www/html/yii/admin/index.php (13)
2023/06/17 11:18:25 [error] [php] include(ProductoController.php): Failed to open stream: No such file or directory (/var/www/html/yii/framework/YiiBase.php:463)
Stack trace:
#0 /var/www/html/yii/framework/YiiBase.php(463): include()
#1 /var/www/html/yii/admin/protected/controllers/ProductosController.php(3): autoload()
#2 /var/www/html/yii/framework/web/CWebApplication.php(354): require()
#3 /var/www/html/yii/framework/web/CWebApplication.php(276): CWebApplication->createController()
#4 /var/www/html/yii/framework/web/CWebApplication.php(141): CWebApplication->runController()
#5 /var/www/html/yii/framework/base/CApplication.php(185): CWebApplication->processRequest()
#6 /var/www/html/yii/admin/index.php(13): CWebApplication->run()
REQUEST_URI=/yii/admin/index.php?r=productos/index
in /var/www/html/yii/admin/protected/controllers/ProductosController.php (3)
in /var/www/html/yii/admin/index.php (13)
2023/06/17 11:18:28 [error] [php] include(ProductoController.php): Failed to open stream: No such file or directory (/var/www/html/yii/framework/YiiBase.php:463)
Stack trace:
#0 /var/www/html/yii/framework/YiiBase.php(463): include()
#1 /var/www/html/yii/admin/protected/controllers/ProductosController.php(3): autoload()
#2 /var/www/html/yii/framework/web/CWebApplication.php(354): require()
#3 /var/www/html/yii/framework/web/CWebApplication.php(276): CWebApplication->createController()
#4 /var/www/html/yii/framework/web/CWebApplication.php(141): CWebApplication->runController()
#5 /var/www/html/yii/framework/base/CApplication.php(185): CWebApplication->processRequest()
#6 /var/www/html/yii/admin/index.php(13): CWebApplication->run()
REQUEST_URI=/yii/admin/index.php?r=productos/index
in /var/www/html/yii/admin/protected/controllers/ProductosController.php (3)
in /var/www/html/yii/admin/index.php (13)
2023/06/17 11:34:41 [error] [exception.ParseError] ParseError: syntax error, unexpected token "array", expecting ")" in /var/www/html/yii/admin/protected/views/productos/admin.php:53
Stack trace:
#0 /var/www/html/yii/framework/web/CBaseController.php(95): CBaseController->renderInternal()
#1 /var/www/html/yii/framework/web/CController.php(872): CBaseController->renderFile()
#2 /var/www/html/yii/framework/web/CController.php(785): CController->renderPartial()
#3 /var/www/html/yii/admin/protected/controllers/ProductosController.php(144): CController->render()
#4 /var/www/html/yii/framework/web/actions/CInlineAction.php(49): ProductosController->actionAdmin()
#5 /var/www/html/yii/framework/web/CController.php(308): CInlineAction->runWithParams()
#6 /var/www/html/yii/framework/web/filters/CFilterChain.php(134): CController->runAction()
#7 /var/www/html/yii/framework/web/filters/CFilter.php(40): CFilterChain->run()
#8 /var/www/html/yii/framework/web/CController.php(1148): CFilter->filter()
#9 /var/www/html/yii/framework/web/filters/CInlineFilter.php(58): CController->filterAccessControl()
#10 /var/www/html/yii/framework/web/filters/CFilterChain.php(131): CInlineFilter->filter()
#11 /var/www/html/yii/framework/web/CController.php(291): CFilterChain->run()
#12 /var/www/html/yii/framework/web/CController.php(265): CController->runActionWithFilters()
#13 /var/www/html/yii/framework/web/CWebApplication.php(282): CController->run()
#14 /var/www/html/yii/framework/web/CWebApplication.php(141): CWebApplication->runController()
#15 /var/www/html/yii/framework/base/CApplication.php(185): CWebApplication->processRequest()
#16 /var/www/html/yii/admin/index.php(13): CApplication->run()
#17 {main}
REQUEST_URI=/yii/admin/index.php?r=productos/admin
HTTP_REFERER=http://localhost/yii/admin/index.php?r=productos/index
---
2023/06/17 11:35:11 [error] [exception.ParseError] ParseError: syntax error, unexpected token "array", expecting ")" in /var/www/html/yii/admin/protected/views/productos/admin.php:53
Stack trace:
#0 /var/www/html/yii/framework/web/CBaseController.php(95): CBaseController->renderInternal()
#1 /var/www/html/yii/framework/web/CController.php(872): CBaseController->renderFile()
#2 /var/www/html/yii/framework/web/CController.php(785): CController->renderPartial()
#3 /var/www/html/yii/admin/protected/controllers/ProductosController.php(144): CController->render()
#4 /var/www/html/yii/framework/web/actions/CInlineAction.php(49): ProductosController->actionAdmin()
#5 /var/www/html/yii/framework/web/CController.php(308): CInlineAction->runWithParams()
#6 /var/www/html/yii/framework/web/filters/CFilterChain.php(134): CController->runAction()
#7 /var/www/html/yii/framework/web/filters/CFilter.php(40): CFilterChain->run()
#8 /var/www/html/yii/framework/web/CController.php(1148): CFilter->filter()
#9 /var/www/html/yii/framework/web/filters/CInlineFilter.php(58): CController->filterAccessControl()
#10 /var/www/html/yii/framework/web/filters/CFilterChain.php(131): CInlineFilter->filter()
#11 /var/www/html/yii/framework/web/CController.php(291): CFilterChain->run()
#12 /var/www/html/yii/framework/web/CController.php(265): CController->runActionWithFilters()
#13 /var/www/html/yii/framework/web/CWebApplication.php(282): CController->run()
#14 /var/www/html/yii/framework/web/CWebApplication.php(141): CWebApplication->runController()
#15 /var/www/html/yii/framework/base/CApplication.php(185): CWebApplication->processRequest()
#16 /var/www/html/yii/admin/index.php(13): CApplication->run()
#17 {main}
REQUEST_URI=/yii/admin/index.php?r=productos/admin
HTTP_REFERER=http://localhost/yii/admin/index.php?r=productos/index
---
2023/06/17 11:35:14 [error] [exception.ParseError] ParseError: syntax error, unexpected token "array", expecting ")" in /var/www/html/yii/admin/protected/views/productos/admin.php:53
Stack trace:
#0 /var/www/html/yii/framework/web/CBaseController.php(95): CBaseController->renderInternal()
#1 /var/www/html/yii/framework/web/CController.php(872): CBaseController->renderFile()
#2 /var/www/html/yii/framework/web/CController.php(785): CController->renderPartial()
#3 /var/www/html/yii/admin/protected/controllers/ProductosController.php(144): CController->render()
#4 /var/www/html/yii/framework/web/actions/CInlineAction.php(49): ProductosController->actionAdmin()
#5 /var/www/html/yii/framework/web/CController.php(308): CInlineAction->runWithParams()
#6 /var/www/html/yii/framework/web/filters/CFilterChain.php(134): CController->runAction()
#7 /var/www/html/yii/framework/web/filters/CFilter.php(40): CFilterChain->run()
#8 /var/www/html/yii/framework/web/CController.php(1148): CFilter->filter()
#9 /var/www/html/yii/framework/web/filters/CInlineFilter.php(58): CController->filterAccessControl()
#10 /var/www/html/yii/framework/web/filters/CFilterChain.php(131): CInlineFilter->filter()
#11 /var/www/html/yii/framework/web/CController.php(291): CFilterChain->run()
#12 /var/www/html/yii/framework/web/CController.php(265): CController->runActionWithFilters()
#13 /var/www/html/yii/framework/web/CWebApplication.php(282): CController->run()
#14 /var/www/html/yii/framework/web/CWebApplication.php(141): CWebApplication->runController()
#15 /var/www/html/yii/framework/base/CApplication.php(185): CWebApplication->processRequest()
#16 /var/www/html/yii/admin/index.php(13): CApplication->run()
#17 {main}
REQUEST_URI=/yii/admin/index.php?r=productos/admin
---
2023/06/17 11:35:49 [error] [exception.ParseError] ParseError: syntax error, unexpected token "array", expecting ")" in /var/www/html/yii/admin/protected/views/productos/admin.php:53
Stack trace:
#0 /var/www/html/yii/framework/web/CBaseController.php(95): CBaseController->renderInternal()
#1 /var/www/html/yii/framework/web/CController.php(872): CBaseController->renderFile()
#2 /var/www/html/yii/framework/web/CController.php(785): CController->renderPartial()
#3 /var/www/html/yii/admin/protected/controllers/ProductosController.php(144): CController->render()
#4 /var/www/html/yii/framework/web/actions/CInlineAction.php(49): ProductosController->actionAdmin()
#5 /var/www/html/yii/framework/web/CController.php(308): CInlineAction->runWithParams()
#6 /var/www/html/yii/framework/web/filters/CFilterChain.php(134): CController->runAction()
#7 /var/www/html/yii/framework/web/filters/CFilter.php(40): CFilterChain->run()
#8 /var/www/html/yii/framework/web/CController.php(1148): CFilter->filter()
#9 /var/www/html/yii/framework/web/filters/CInlineFilter.php(58): CController->filterAccessControl()
#10 /var/www/html/yii/framework/web/filters/CFilterChain.php(131): CInlineFilter->filter()
#11 /var/www/html/yii/framework/web/CController.php(291): CFilterChain->run()
#12 /var/www/html/yii/framework/web/CController.php(265): CController->runActionWithFilters()
#13 /var/www/html/yii/framework/web/CWebApplication.php(282): CController->run()
#14 /var/www/html/yii/framework/web/CWebApplication.php(141): CWebApplication->runController()
#15 /var/www/html/yii/framework/base/CApplication.php(185): CWebApplication->processRequest()
#16 /var/www/html/yii/admin/index.php(13): CApplication->run()
#17 {main}
REQUEST_URI=/yii/admin/index.php?r=productos/admin
---
2023/06/17 11:36:35 [error] [exception.CException] CException: Property "Productos.Acciones" is not defined. in /var/www/html/yii/framework/base/CComponent.php:130
Stack trace:
#0 /var/www/html/yii/framework/db/ar/CActiveRecord.php(145): CComponent->__get()
#1 /var/www/html/yii/framework/web/helpers/CHtml.php(2784): CActiveRecord->__get()
#2 /var/www/html/yii/framework/web/helpers/CHtml.php(2507): CHtml::resolveValue()
#3 /var/www/html/yii/framework/web/helpers/CHtml.php(1554): CHtml::activeInputField()
#4 /var/www/html/yii/framework/zii/widgets/grid/CDataColumn.php(110): CHtml::activeTextField()
#5 /var/www/html/yii/framework/zii/widgets/grid/CGridColumn.php(259): CDataColumn->getFilterCellContent()
#6 /var/www/html/yii/framework/zii/widgets/grid/CGridColumn.php(125): CGridColumn->renderFilterCellContent()
#7 /var/www/html/yii/framework/zii/widgets/grid/CGridView.php(555): CGridColumn->renderFilterCell()
#8 /var/www/html/yii/framework/zii/widgets/grid/CGridView.php(533): CGridView->renderFilter()
#9 /var/www/html/yii/framework/zii/widgets/grid/CGridView.php(503): CGridView->renderTableHeader()
#10 /var/www/html/yii/framework/zii/widgets/CBaseListView.php(181): CGridView->renderItems()
#11 [internal function]: CBaseListView->renderSection()
#12 /var/www/html/yii/framework/zii/widgets/CBaseListView.php(164): preg_replace_callback()
#13 /var/www/html/yii/framework/zii/widgets/CBaseListView.php(149): CBaseListView->renderContent()
#14 /var/www/html/yii/framework/web/CBaseController.php(182): CBaseListView->run()
#15 /var/www/html/yii/admin/protected/views/productos/admin.php(39): CBaseController->widget()
#16 /var/www/html/yii/framework/web/CBaseController.php(126): require('...')
#17 /var/www/html/yii/framework/web/CBaseController.php(95): CBaseController->renderInternal()
#18 /var/www/html/yii/framework/web/CController.php(872): CBaseController->renderFile()
#19 /var/www/html/yii/framework/web/CController.php(785): CController->renderPartial()
#20 /var/www/html/yii/admin/protected/controllers/ProductosController.php(144): CController->render()
#21 /var/www/html/yii/framework/web/actions/CInlineAction.php(49): ProductosController->actionAdmin()
#22 /var/www/html/yii/framework/web/CController.php(308): CInlineAction->runWithParams()
#23 /var/www/html/yii/framework/web/filters/CFilterChain.php(134): CController->runAction()
#24 /var/www/html/yii/framework/web/filters/CFilter.php(40): CFilterChain->run()
#25 /var/www/html/yii/framework/web/CController.php(1148): CFilter->filter()
#26 /var/www/html/yii/framework/web/filters/CInlineFilter.php(58): CController->filterAccessControl()
#27 /var/www/html/yii/framework/web/filters/CFilterChain.php(131): CInlineFilter->filter()
#28 /var/www/html/yii/framework/web/CController.php(291): CFilterChain->run()
#29 /var/www/html/yii/framework/web/CController.php(265): CController->runActionWithFilters()
#30 /var/www/html/yii/framework/web/CWebApplication.php(282): CController->run()
#31 /var/www/html/yii/framework/web/CWebApplication.php(141): CWebApplication->runController()
#32 /var/www/html/yii/framework/base/CApplication.php(185): CWebApplication->processRequest()
#33 /var/www/html/yii/admin/index.php(13): CApplication->run()
#34 {main}
REQUEST_URI=/yii/admin/index.php?r=productos/admin
---
2023/06/17 11:37:22 [error] [exception.CException] CException: Property "Productos.acciones" is not defined. in /var/www/html/yii/framework/base/CComponent.php:130
Stack trace:
#0 /var/www/html/yii/framework/db/ar/CActiveRecord.php(145): CComponent->__get()
#1 /var/www/html/yii/framework/web/helpers/CHtml.php(2784): CActiveRecord->__get()
#2 /var/www/html/yii/framework/web/helpers/CHtml.php(2507): CHtml::resolveValue()
#3 /var/www/html/yii/framework/web/helpers/CHtml.php(1554): CHtml::activeInputField()
#4 /var/www/html/yii/framework/zii/widgets/grid/CDataColumn.php(110): CHtml::activeTextField()
#5 /var/www/html/yii/framework/zii/widgets/grid/CGridColumn.php(259): CDataColumn->getFilterCellContent()
#6 /var/www/html/yii/framework/zii/widgets/grid/CGridColumn.php(125): CGridColumn->renderFilterCellContent()
#7 /var/www/html/yii/framework/zii/widgets/grid/CGridView.php(555): CGridColumn->renderFilterCell()
#8 /var/www/html/yii/framework/zii/widgets/grid/CGridView.php(533): CGridView->renderFilter()
#9 /var/www/html/yii/framework/zii/widgets/grid/CGridView.php(503): CGridView->renderTableHeader()
#10 /var/www/html/yii/framework/zii/widgets/CBaseListView.php(181): CGridView->renderItems()
#11 [internal function]: CBaseListView->renderSection()
#12 /var/www/html/yii/framework/zii/widgets/CBaseListView.php(164): preg_replace_callback()
#13 /var/www/html/yii/framework/zii/widgets/CBaseListView.php(149): CBaseListView->renderContent()
#14 /var/www/html/yii/framework/web/CBaseController.php(182): CBaseListView->run()
#15 /var/www/html/yii/admin/protected/views/productos/admin.php(39): CBaseController->widget()
#16 /var/www/html/yii/framework/web/CBaseController.php(126): require('...')
#17 /var/www/html/yii/framework/web/CBaseController.php(95): CBaseController->renderInternal()
#18 /var/www/html/yii/framework/web/CController.php(872): CBaseController->renderFile()
#19 /var/www/html/yii/framework/web/CController.php(785): CController->renderPartial()
#20 /var/www/html/yii/admin/protected/controllers/ProductosController.php(144): CController->render()
#21 /var/www/html/yii/framework/web/actions/CInlineAction.php(49): ProductosController->actionAdmin()
#22 /var/www/html/yii/framework/web/CController.php(308): CInlineAction->runWithParams()
#23 /var/www/html/yii/framework/web/filters/CFilterChain.php(134): CController->runAction()
#24 /var/www/html/yii/framework/web/filters/CFilter.php(40): CFilterChain->run()
#25 /var/www/html/yii/framework/web/CController.php(1148): CFilter->filter()
#26 /var/www/html/yii/framework/web/filters/CInlineFilter.php(58): CController->filterAccessControl()
#27 /var/www/html/yii/framework/web/filters/CFilterChain.php(131): CInlineFilter->filter()
#28 /var/www/html/yii/framework/web/CController.php(291): CFilterChain->run()
#29 /var/www/html/yii/framework/web/CController.php(265): CController->runActionWithFilters()
#30 /var/www/html/yii/framework/web/CWebApplication.php(282): CController->run()
#31 /var/www/html/yii/framework/web/CWebApplication.php(141): CWebApplication->runController()
#32 /var/www/html/yii/framework/base/CApplication.php(185): CWebApplication->processRequest()
#33 /var/www/html/yii/admin/index.php(13): CApplication->run()
#34 {main}
REQUEST_URI=/yii/admin/index.php?r=productos/admin
---
2023/06/17 11:40:48 [error] [exception.CException] CException: Alias "yii.grid" is invalid. Make sure it points to an existing directory or file. in /var/www/html/yii/framework/YiiBase.php:302
Stack trace:
#0 /var/www/html/yii/framework/YiiBase.php(204): YiiBase::import()
#1 /var/www/html/yii/framework/zii/widgets/grid/CGridView.php(404): YiiBase::createComponent()
#2 /var/www/html/yii/framework/zii/widgets/grid/CGridView.php(375): CGridView->initColumns()
#3 /var/www/html/yii/framework/web/CBaseController.php(147): CGridView->init()
#4 /var/www/html/yii/framework/web/CBaseController.php(181): CBaseController->createWidget()
#5 /var/www/html/yii/admin/protected/views/productos/admin.php(39): CBaseController->widget()
#6 /var/www/html/yii/framework/web/CBaseController.php(126): require('...')
#7 /var/www/html/yii/framework/web/CBaseController.php(95): CBaseController->renderInternal()
#8 /var/www/html/yii/framework/web/CController.php(872): CBaseController->renderFile()
#9 /var/www/html/yii/framework/web/CController.php(785): CController->renderPartial()
#10 /var/www/html/yii/admin/protected/controllers/ProductosController.php(144): CController->render()
#11 /var/www/html/yii/framework/web/actions/CInlineAction.php(49): ProductosController->actionAdmin()
#12 /var/www/html/yii/framework/web/CController.php(308): CInlineAction->runWithParams()
#13 /var/www/html/yii/framework/web/filters/CFilterChain.php(134): CController->runAction()
#14 /var/www/html/yii/framework/web/filters/CFilter.php(40): CFilterChain->run()
#15 /var/www/html/yii/framework/web/CController.php(1148): CFilter->filter()
#16 /var/www/html/yii/framework/web/filters/CInlineFilter.php(58): CController->filterAccessControl()
#17 /var/www/html/yii/framework/web/filters/CFilterChain.php(131): CInlineFilter->filter()
#18 /var/www/html/yii/framework/web/CController.php(291): CFilterChain->run()
#19 /var/www/html/yii/framework/web/CController.php(265): CController->runActionWithFilters()
#20 /var/www/html/yii/framework/web/CWebApplication.php(282): CController->run()
#21 /var/www/html/yii/framework/web/CWebApplication.php(141): CWebApplication->runController()
#22 /var/www/html/yii/framework/base/CApplication.php(185): CWebApplication->processRequest()
#23 /var/www/html/yii/admin/index.php(13): CApplication->run()
#24 {main}
REQUEST_URI=/yii/admin/index.php?r=productos/admin
---
2023/06/17 11:41:11 [error] [exception.CException] CException: Property "CDataColumn.label" is not defined. in /var/www/html/yii/framework/base/CComponent.php:173
Stack trace:
#0 /var/www/html/yii/framework/YiiBase.php(227): CComponent->__set()
#1 /var/www/html/yii/framework/zii/widgets/grid/CGridView.php(404): YiiBase::createComponent()
#2 /var/www/html/yii/framework/zii/widgets/grid/CGridView.php(375): CGridView->initColumns()
#3 /var/www/html/yii/framework/web/CBaseController.php(147): CGridView->init()
#4 /var/www/html/yii/framework/web/CBaseController.php(181): CBaseController->createWidget()
#5 /var/www/html/yii/admin/protected/views/productos/admin.php(39): CBaseController->widget()
#6 /var/www/html/yii/framework/web/CBaseController.php(126): require('...')
#7 /var/www/html/yii/framework/web/CBaseController.php(95): CBaseController->renderInternal()
#8 /var/www/html/yii/framework/web/CController.php(872): CBaseController->renderFile()
#9 /var/www/html/yii/framework/web/CController.php(785): CController->renderPartial()
#10 /var/www/html/yii/admin/protected/controllers/ProductosController.php(144): CController->render()
#11 /var/www/html/yii/framework/web/actions/CInlineAction.php(49): ProductosController->actionAdmin()
#12 /var/www/html/yii/framework/web/CController.php(308): CInlineAction->runWithParams()
#13 /var/www/html/yii/framework/web/filters/CFilterChain.php(134): CController->runAction()
#14 /var/www/html/yii/framework/web/filters/CFilter.php(40): CFilterChain->run()
#15 /var/www/html/yii/framework/web/CController.php(1148): CFilter->filter()
#16 /var/www/html/yii/framework/web/filters/CInlineFilter.php(58): CController->filterAccessControl()
#17 /var/www/html/yii/framework/web/filters/CFilterChain.php(131): CInlineFilter->filter()
#18 /var/www/html/yii/framework/web/CController.php(291): CFilterChain->run()
#19 /var/www/html/yii/framework/web/CController.php(265): CController->runActionWithFilters()
#20 /var/www/html/yii/framework/web/CWebApplication.php(282): CController->run()
#21 /var/www/html/yii/framework/web/CWebApplication.php(141): CWebApplication->runController()
#22 /var/www/html/yii/framework/base/CApplication.php(185): CWebApplication->processRequest()
#23 /var/www/html/yii/admin/index.php(13): CApplication->run()
#24 {main}
REQUEST_URI=/yii/admin/index.php?r=productos/admin
---
2023/06/17 11:42:38 [error] [exception.CException] CException: Property "CDataColumn.label" is not defined. in /var/www/html/yii/framework/base/CComponent.php:173
Stack trace:
#0 /var/www/html/yii/framework/YiiBase.php(227): CComponent->__set()
#1 /var/www/html/yii/framework/zii/widgets/grid/CGridView.php(404): YiiBase::createComponent()
#2 /var/www/html/yii/framework/zii/widgets/grid/CGridView.php(375): CGridView->initColumns()
#3 /var/www/html/yii/framework/web/CBaseController.php(147): CGridView->init()
#4 /var/www/html/yii/framework/web/CBaseController.php(181): CBaseController->createWidget()
#5 /var/www/html/yii/admin/protected/views/productos/admin.php(39): CBaseController->widget()
#6 /var/www/html/yii/framework/web/CBaseController.php(126): require('...')
#7 /var/www/html/yii/framework/web/CBaseController.php(95): CBaseController->renderInternal()
#8 /var/www/html/yii/framework/web/CController.php(872): CBaseController->renderFile()
#9 /var/www/html/yii/framework/web/CController.php(785): CController->renderPartial()
#10 /var/www/html/yii/admin/protected/controllers/ProductosController.php(144): CController->render()
#11 /var/www/html/yii/framework/web/actions/CInlineAction.php(49): ProductosController->actionAdmin()
#12 /var/www/html/yii/framework/web/CController.php(308): CInlineAction->runWithParams()
#13 /var/www/html/yii/framework/web/filters/CFilterChain.php(134): CController->runAction()
#14 /var/www/html/yii/framework/web/filters/CFilter.php(40): CFilterChain->run()
#15 /var/www/html/yii/framework/web/CController.php(1148): CFilter->filter()
#16 /var/www/html/yii/framework/web/filters/CInlineFilter.php(58): CController->filterAccessControl()
#17 /var/www/html/yii/framework/web/filters/CFilterChain.php(131): CInlineFilter->filter()
#18 /var/www/html/yii/framework/web/CController.php(291): CFilterChain->run()
#19 /var/www/html/yii/framework/web/CController.php(265): CController->runActionWithFilters()
#20 /var/www/html/yii/framework/web/CWebApplication.php(282): CController->run()
#21 /var/www/html/yii/framework/web/CWebApplication.php(141): CWebApplication->runController()
#22 /var/www/html/yii/framework/base/CApplication.php(185): CWebApplication->processRequest()
#23 /var/www/html/yii/admin/index.php(13): CApplication->run()
#24 {main}
REQUEST_URI=/yii/admin/index.php?r=productos/admin
---
2023/06/17 11:44:01 [error] [exception.CException] CException: Property "Productos.Acciones" is not defined. in /var/www/html/yii/framework/base/CComponent.php:130
Stack trace:
#0 /var/www/html/yii/framework/db/ar/CActiveRecord.php(145): CComponent->__get()
#1 /var/www/html/yii/framework/web/helpers/CHtml.php(2784): CActiveRecord->__get()
#2 /var/www/html/yii/framework/web/helpers/CHtml.php(2507): CHtml::resolveValue()
#3 /var/www/html/yii/framework/web/helpers/CHtml.php(1554): CHtml::activeInputField()
#4 /var/www/html/yii/framework/zii/widgets/grid/CDataColumn.php(110): CHtml::activeTextField()
#5 /var/www/html/yii/framework/zii/widgets/grid/CGridColumn.php(259): CDataColumn->getFilterCellContent()
#6 /var/www/html/yii/framework/zii/widgets/grid/CGridColumn.php(125): CGridColumn->renderFilterCellContent()
#7 /var/www/html/yii/framework/zii/widgets/grid/CGridView.php(555): CGridColumn->renderFilterCell()
#8 /var/www/html/yii/framework/zii/widgets/grid/CGridView.php(533): CGridView->renderFilter()
#9 /var/www/html/yii/framework/zii/widgets/grid/CGridView.php(503): CGridView->renderTableHeader()
#10 /var/www/html/yii/framework/zii/widgets/CBaseListView.php(181): CGridView->renderItems()
#11 [internal function]: CBaseListView->renderSection()
#12 /var/www/html/yii/framework/zii/widgets/CBaseListView.php(164): preg_replace_callback()
#13 /var/www/html/yii/framework/zii/widgets/CBaseListView.php(149): CBaseListView->renderContent()
#14 /var/www/html/yii/framework/web/CBaseController.php(182): CBaseListView->run()
#15 /var/www/html/yii/admin/protected/views/productos/admin.php(39): CBaseController->widget()
#16 /var/www/html/yii/framework/web/CBaseController.php(126): require('...')
#17 /var/www/html/yii/framework/web/CBaseController.php(95): CBaseController->renderInternal()
#18 /var/www/html/yii/framework/web/CController.php(872): CBaseController->renderFile()
#19 /var/www/html/yii/framework/web/CController.php(785): CController->renderPartial()
#20 /var/www/html/yii/admin/protected/controllers/ProductosController.php(144): CController->render()
#21 /var/www/html/yii/framework/web/actions/CInlineAction.php(49): ProductosController->actionAdmin()
#22 /var/www/html/yii/framework/web/CController.php(308): CInlineAction->runWithParams()
#23 /var/www/html/yii/framework/web/filters/CFilterChain.php(134): CController->runAction()
#24 /var/www/html/yii/framework/web/filters/CFilter.php(40): CFilterChain->run()
#25 /var/www/html/yii/framework/web/CController.php(1148): CFilter->filter()
#26 /var/www/html/yii/framework/web/filters/CInlineFilter.php(58): CController->filterAccessControl()
#27 /var/www/html/yii/framework/web/filters/CFilterChain.php(131): CInlineFilter->filter()
#28 /var/www/html/yii/framework/web/CController.php(291): CFilterChain->run()
#29 /var/www/html/yii/framework/web/CController.php(265): CController->runActionWithFilters()
#30 /var/www/html/yii/framework/web/CWebApplication.php(282): CController->run()
#31 /var/www/html/yii/framework/web/CWebApplication.php(141): CWebApplication->runController()
#32 /var/www/html/yii/framework/base/CApplication.php(185): CWebApplication->processRequest()
#33 /var/www/html/yii/admin/index.php(13): CApplication->run()
#34 {main}
REQUEST_URI=/yii/admin/index.php?r=productos/admin
HTTP_REFERER=http://localhost/yii/admin/index.php?r=productos/index
---
2023/06/17 11:46:47 [error] [exception.Error] Error: Undefined constant "Acciones" in /var/www/html/yii/framework/base/CComponent.php(614) : eval()'d code:1
Stack trace:
#0 /var/www/html/yii/framework/base/CComponent.php(614): eval()
#1 /var/www/html/yii/framework/zii/widgets/grid/CDataColumn.php(148): CComponent->evaluateExpression()
#2 /var/www/html/yii/framework/zii/widgets/grid/CGridColumn.php(237): CDataColumn->getDataCellContent()
#3 /var/www/html/yii/framework/zii/widgets/grid/CGridColumn.php(160): CGridColumn->renderDataCellContent()
#4 /var/www/html/yii/framework/zii/widgets/grid/CGridView.php(655): CGridColumn->renderDataCell()
#5 /var/www/html/yii/framework/zii/widgets/grid/CGridView.php(639): CGridView->renderDataCell()
#6 /var/www/html/yii/framework/zii/widgets/grid/CGridView.php(595): CGridView->renderTableRow()
#7 /var/www/html/yii/framework/zii/widgets/grid/CGridView.php(505): CGridView->renderTableBody()
#8 /var/www/html/yii/framework/zii/widgets/CBaseListView.php(181): CGridView->renderItems()
#9 [internal function]: CBaseListView->renderSection()
#10 /var/www/html/yii/framework/zii/widgets/CBaseListView.php(164): preg_replace_callback()
#11 /var/www/html/yii/framework/zii/widgets/CBaseListView.php(149): CBaseListView->renderContent()
#12 /var/www/html/yii/framework/web/CBaseController.php(182): CBaseListView->run()
#13 /var/www/html/yii/admin/protected/views/productos/admin.php(39): CBaseController->widget()
#14 /var/www/html/yii/framework/web/CBaseController.php(126): require('...')
#15 /var/www/html/yii/framework/web/CBaseController.php(95): CBaseController->renderInternal()
#16 /var/www/html/yii/framework/web/CController.php(872): CBaseController->renderFile()
#17 /var/www/html/yii/framework/web/CController.php(785): CController->renderPartial()
#18 /var/www/html/yii/admin/protected/controllers/ProductosController.php(144): CController->render()
#19 /var/www/html/yii/framework/web/actions/CInlineAction.php(49): ProductosController->actionAdmin()
#20 /var/www/html/yii/framework/web/CController.php(308): CInlineAction->runWithParams()
#21 /var/www/html/yii/framework/web/filters/CFilterChain.php(134): CController->runAction()
#22 /var/www/html/yii/framework/web/filters/CFilter.php(40): CFilterChain->run()
#23 /var/www/html/yii/framework/web/CController.php(1148): CFilter->filter()
#24 /var/www/html/yii/framework/web/filters/CInlineFilter.php(58): CController->filterAccessControl()
#25 /var/www/html/yii/framework/web/filters/CFilterChain.php(131): CInlineFilter->filter()
#26 /var/www/html/yii/framework/web/CController.php(291): CFilterChain->run()
#27 /var/www/html/yii/framework/web/CController.php(265): CController->runActionWithFilters()
#28 /var/www/html/yii/framework/web/CWebApplication.php(282): CController->run()
#29 /var/www/html/yii/framework/web/CWebApplication.php(141): CWebApplication->runController()
#30 /var/www/html/yii/framework/base/CApplication.php(185): CWebApplication->processRequest()
#31 /var/www/html/yii/admin/index.php(13): CApplication->run()
#32 {main}
REQUEST_URI=/yii/admin/index.php?r=productos/admin
---
2023/06/17 12:09:24 [error] [exception.CException] CException: Property "SiteController.title" is not defined. in /var/www/html/yii/framework/base/CComponent.php:173
Stack trace:
#0 /var/www/html/yii/admin/protected/views/site/index.php(4): CComponent->__set()
#1 /var/www/html/yii/framework/web/CBaseController.php(126): require('...')
#2 /var/www/html/yii/framework/web/CBaseController.php(95): CBaseController->renderInternal()
#3 /var/www/html/yii/framework/web/CController.php(872): CBaseController->renderFile()
#4 /var/www/html/yii/framework/web/CController.php(785): CController->renderPartial()
#5 /var/www/html/yii/admin/protected/controllers/SiteController.php(32): CController->render()
#6 /var/www/html/yii/framework/web/actions/CInlineAction.php(49): SiteController->actionIndex()
#7 /var/www/html/yii/framework/web/CController.php(308): CInlineAction->runWithParams()
#8 /var/www/html/yii/framework/web/CController.php(286): CController->runAction()
#9 /var/www/html/yii/framework/web/CController.php(265): CController->runActionWithFilters()
#10 /var/www/html/yii/framework/web/CWebApplication.php(282): CController->run()
#11 /var/www/html/yii/framework/web/CWebApplication.php(141): CWebApplication->runController()
#12 /var/www/html/yii/framework/base/CApplication.php(185): CWebApplication->processRequest()
#13 /var/www/html/yii/admin/index.php(13): CApplication->run()
#14 {main}
REQUEST_URI=/yii/admin/index.php
HTTP_REFERER=http://localhost/yii/admin/index.php?r=site/login
---
2023/06/17 12:09:51 [error] [exception.CException] CException: Property "SiteController.title" is not defined. in /var/www/html/yii/framework/base/CComponent.php:173
Stack trace:
#0 /var/www/html/yii/admin/protected/views/site/index.php(3): CComponent->__set()
#1 /var/www/html/yii/framework/web/CBaseController.php(126): require('...')
#2 /var/www/html/yii/framework/web/CBaseController.php(95): CBaseController->renderInternal()
#3 /var/www/html/yii/framework/web/CController.php(872): CBaseController->renderFile()
#4 /var/www/html/yii/framework/web/CController.php(785): CController->renderPartial()
#5 /var/www/html/yii/admin/protected/controllers/SiteController.php(32): CController->render()
#6 /var/www/html/yii/framework/web/actions/CInlineAction.php(49): SiteController->actionIndex()
#7 /var/www/html/yii/framework/web/CController.php(308): CInlineAction->runWithParams()
#8 /var/www/html/yii/framework/web/CController.php(286): CController->runAction()
#9 /var/www/html/yii/framework/web/CController.php(265): CController->runActionWithFilters()
#10 /var/www/html/yii/framework/web/CWebApplication.php(282): CController->run()
#11 /var/www/html/yii/framework/web/CWebApplication.php(141): CWebApplication->runController()
#12 /var/www/html/yii/framework/base/CApplication.php(185): CWebApplication->processRequest()
#13 /var/www/html/yii/admin/index.php(13): CApplication->run()
#14 {main}
REQUEST_URI=/yii/admin/index.php
HTTP_REFERER=http://localhost/yii/admin/index.php?r=site/login
---
2023/06/17 12:16:25 [error] [exception.CException] CException: Property "LoginForm.Usuario" is not defined. in /var/www/html/yii/framework/base/CComponent.php:130
Stack trace:
#0 /var/www/html/yii/framework/web/helpers/CHtml.php(2784): CComponent->__get()
#1 /var/www/html/yii/framework/web/helpers/CHtml.php(2507): CHtml::resolveValue()
#2 /var/www/html/yii/framework/web/helpers/CHtml.php(1554): CHtml::activeInputField()
#3 /var/www/html/yii/framework/web/widgets/CActiveForm.php(793): CHtml::activeTextField()
#4 /var/www/html/yii/admin/protected/views/site/login.php(37): CActiveForm->textField()
#5 /var/www/html/yii/framework/web/CBaseController.php(126): require('...')
#6 /var/www/html/yii/framework/web/CBaseController.php(95): CBaseController->renderInternal()
#7 /var/www/html/yii/framework/web/CController.php(872): CBaseController->renderFile()
#8 /var/www/html/yii/framework/web/CController.php(785): CController->renderPartial()
#9 /var/www/html/yii/admin/protected/controllers/SiteController.php(98): CController->render()
#10 /var/www/html/yii/framework/web/actions/CInlineAction.php(49): SiteController->actionLogin()
#11 /var/www/html/yii/framework/web/CController.php(308): CInlineAction->runWithParams()
#12 /var/www/html/yii/framework/web/CController.php(286): CController->runAction()
#13 /var/www/html/yii/framework/web/CController.php(265): CController->runActionWithFilters()
#14 /var/www/html/yii/framework/web/CWebApplication.php(282): CController->run()
#15 /var/www/html/yii/framework/web/CWebApplication.php(141): CWebApplication->runController()
#16 /var/www/html/yii/framework/base/CApplication.php(185): CWebApplication->processRequest()
#17 /var/www/html/yii/admin/index.php(13): CApplication->run()
#18 {main}
REQUEST_URI=/yii/admin/index.php?r=site/login
HTTP_REFERER=http://localhost/yii/admin/index.php
---
2023/06/17 12:36:08 [error] [exception.TypeError] TypeError: Cannot access offset of type string on string in /var/www/html/yii/framework/zii/widgets/CMenu.php:273
Stack trace:
#0 /var/www/html/yii/framework/zii/widgets/CMenu.php(161): CMenu->normalizeItems()
#1 /var/www/html/yii/framework/web/CBaseController.php(147): CMenu->init()
#2 /var/www/html/yii/framework/web/CBaseController.php(181): CBaseController->createWidget()
#3 /var/www/html/yii/admin/protected/views/layouts/main.php(37): CBaseController->widget()
#4 /var/www/html/yii/framework/web/CBaseController.php(126): require('...')
#5 /var/www/html/yii/framework/web/CBaseController.php(95): CBaseController->renderInternal()
#6 /var/www/html/yii/framework/web/widgets/CContentDecorator.php(76): CBaseController->renderFile()
#7 /var/www/html/yii/framework/web/widgets/CContentDecorator.php(54): CContentDecorator->decorate()
#8 /var/www/html/yii/framework/web/widgets/COutputProcessor.php(44): CContentDecorator->processOutput()
#9 /var/www/html/yii/framework/web/CBaseController.php(215): COutputProcessor->run()
#10 /var/www/html/yii/framework/web/CBaseController.php(309): CBaseController->endWidget()
#11 /var/www/html/yii/admin/protected/views/layouts/column1.php(6): CBaseController->endContent()
#12 /var/www/html/yii/framework/web/CBaseController.php(126): require('...')
#13 /var/www/html/yii/framework/web/CBaseController.php(95): CBaseController->renderInternal()
#14 /var/www/html/yii/framework/web/CController.php(787): CBaseController->renderFile()
#15 /var/www/html/yii/admin/protected/controllers/SiteController.php(32): CController->render()
#16 /var/www/html/yii/framework/web/actions/CInlineAction.php(49): SiteController->actionIndex()
#17 /var/www/html/yii/framework/web/CController.php(308): CInlineAction->runWithParams()
#18 /var/www/html/yii/framework/web/CController.php(286): CController->runAction()
#19 /var/www/html/yii/framework/web/CController.php(265): CController->runActionWithFilters()
#20 /var/www/html/yii/framework/web/CWebApplication.php(282): CController->run()
#21 /var/www/html/yii/framework/web/CWebApplication.php(141): CWebApplication->runController()
#22 /var/www/html/yii/framework/base/CApplication.php(185): CWebApplication->processRequest()
#23 /var/www/html/yii/admin/index.php(13): CApplication->run()
#24 {main}
REQUEST_URI=/yii/admin/index.php
HTTP_REFERER=http://localhost/yii/admin/index.php?r=site/login
---
2023/06/17 14:16:07 [error] [php] Undefined variable $model (/var/www/html/yii/framework/base/CComponent.php(614) : eval()'d code:1)
Stack trace:
#0 /var/www/html/yii/framework/base/CComponent.php(614): eval()
#1 /var/www/html/yii/framework/zii/widgets/grid/CButtonColumn.php(360): CButtonColumn->evaluateExpression()
#2 /var/www/html/yii/framework/zii/widgets/grid/CButtonColumn.php(339): CButtonColumn->renderButton()
#3 /var/www/html/yii/framework/zii/widgets/grid/CGridColumn.php(237): CButtonColumn->getDataCellContent()
#4 /var/www/html/yii/framework/zii/widgets/grid/CGridColumn.php(160): CButtonColumn->renderDataCellContent()
#5 /var/www/html/yii/framework/zii/widgets/grid/CGridView.php(655): CButtonColumn->renderDataCell()
#6 /var/www/html/yii/framework/zii/widgets/grid/CGridView.php(639): CGridView->renderDataCell()
#7 /var/www/html/yii/framework/zii/widgets/grid/CGridView.php(595): CGridView->renderTableRow()
#8 /var/www/html/yii/framework/zii/widgets/grid/CGridView.php(505): CGridView->renderTableBody()
#9 /var/www/html/yii/framework/zii/widgets/CBaseListView.php(181): CGridView->renderItems()
#10 unknown(0): CGridView->renderSection()
#11 /var/www/html/yii/framework/zii/widgets/CBaseListView.php(164): preg_replace_callback()
#12 /var/www/html/yii/framework/zii/widgets/CBaseListView.php(149): CGridView->renderContent()
#13 /var/www/html/yii/framework/web/CBaseController.php(182): CGridView->run()
#14 /var/www/html/yii/admin/protected/views/productos/admin.php(63): ProductosController->widget()
#15 /var/www/html/yii/framework/web/CBaseController.php(126): require()
#16 /var/www/html/yii/framework/web/CBaseController.php(95): ProductosController->renderInternal()
#17 /var/www/html/yii/framework/web/CController.php(872): ProductosController->renderFile()
#18 /var/www/html/yii/framework/web/CController.php(785): ProductosController->renderPartial()
#19 /var/www/html/yii/admin/protected/controllers/ProductosController.php(144): ProductosController->render()
#20 /var/www/html/yii/framework/web/actions/CInlineAction.php(49): ProductosController->actionAdmin()
#21 /var/www/html/yii/framework/web/CController.php(308): CInlineAction->runWithParams()
#22 /var/www/html/yii/framework/web/filters/CFilterChain.php(134): ProductosController->runAction()
#23 /var/www/html/yii/framework/web/filters/CFilter.php(40): CFilterChain->run()
#24 /var/www/html/yii/framework/web/CController.php(1148): CAccessControlFilter->filter()
#25 /var/www/html/yii/framework/web/filters/CInlineFilter.php(58): ProductosController->filterAccessControl()
#26 /var/www/html/yii/framework/web/filters/CFilterChain.php(131): CInlineFilter->filter()
#27 /var/www/html/yii/framework/web/CController.php(291): CFilterChain->run()
#28 /var/www/html/yii/framework/web/CController.php(265): ProductosController->runActionWithFilters()
#29 /var/www/html/yii/framework/web/CWebApplication.php(282): ProductosController->run()
#30 /var/www/html/yii/framework/web/CWebApplication.php(141): CWebApplication->runController()
#31 /var/www/html/yii/framework/base/CApplication.php(185): CWebApplication->processRequest()
#32 /var/www/html/yii/admin/index.php(13): CWebApplication->run()
REQUEST_URI=/yii/admin/index.php?r=productos/admin
in /var/www/html/yii/admin/protected/views/productos/admin.php (63)
in /var/www/html/yii/admin/protected/controllers/ProductosController.php (144)
in /var/www/html/yii/admin/index.php (13)
2023/06/17 14:16:32 [error] [php] Undefined variable $dataProvider (/var/www/html/yii/framework/base/CComponent.php(614) : eval()'d code:1)
Stack trace:
#0 /var/www/html/yii/framework/base/CComponent.php(614): eval()
#1 /var/www/html/yii/framework/zii/widgets/grid/CButtonColumn.php(360): CButtonColumn->evaluateExpression()
#2 /var/www/html/yii/framework/zii/widgets/grid/CButtonColumn.php(339): CButtonColumn->renderButton()
#3 /var/www/html/yii/framework/zii/widgets/grid/CGridColumn.php(237): CButtonColumn->getDataCellContent()
#4 /var/www/html/yii/framework/zii/widgets/grid/CGridColumn.php(160): CButtonColumn->renderDataCellContent()
#5 /var/www/html/yii/framework/zii/widgets/grid/CGridView.php(655): CButtonColumn->renderDataCell()
#6 /var/www/html/yii/framework/zii/widgets/grid/CGridView.php(639): CGridView->renderDataCell()
#7 /var/www/html/yii/framework/zii/widgets/grid/CGridView.php(595): CGridView->renderTableRow()
#8 /var/www/html/yii/framework/zii/widgets/grid/CGridView.php(505): CGridView->renderTableBody()
#9 /var/www/html/yii/framework/zii/widgets/CBaseListView.php(181): CGridView->renderItems()
#10 unknown(0): CGridView->renderSection()
#11 /var/www/html/yii/framework/zii/widgets/CBaseListView.php(164): preg_replace_callback()
#12 /var/www/html/yii/framework/zii/widgets/CBaseListView.php(149): CGridView->renderContent()
#13 /var/www/html/yii/framework/web/CBaseController.php(182): CGridView->run()
#14 /var/www/html/yii/admin/protected/views/productos/admin.php(63): ProductosController->widget()
#15 /var/www/html/yii/framework/web/CBaseController.php(126): require()
#16 /var/www/html/yii/framework/web/CBaseController.php(95): ProductosController->renderInternal()
#17 /var/www/html/yii/framework/web/CController.php(872): ProductosController->renderFile()
#18 /var/www/html/yii/framework/web/CController.php(785): ProductosController->renderPartial()
#19 /var/www/html/yii/admin/protected/controllers/ProductosController.php(144): ProductosController->render()
#20 /var/www/html/yii/framework/web/actions/CInlineAction.php(49): ProductosController->actionAdmin()
#21 /var/www/html/yii/framework/web/CController.php(308): CInlineAction->runWithParams()
#22 /var/www/html/yii/framework/web/filters/CFilterChain.php(134): ProductosController->runAction()
#23 /var/www/html/yii/framework/web/filters/CFilter.php(40): CFilterChain->run()
#24 /var/www/html/yii/framework/web/CController.php(1148): CAccessControlFilter->filter()
#25 /var/www/html/yii/framework/web/filters/CInlineFilter.php(58): ProductosController->filterAccessControl()
#26 /var/www/html/yii/framework/web/filters/CFilterChain.php(131): CInlineFilter->filter()
#27 /var/www/html/yii/framework/web/CController.php(291): CFilterChain->run()
#28 /var/www/html/yii/framework/web/CController.php(265): ProductosController->runActionWithFilters()
#29 /var/www/html/yii/framework/web/CWebApplication.php(282): ProductosController->run()
#30 /var/www/html/yii/framework/web/CWebApplication.php(141): CWebApplication->runController()
#31 /var/www/html/yii/framework/base/CApplication.php(185): CWebApplication->processRequest()
#32 /var/www/html/yii/admin/index.php(13): CWebApplication->run()
REQUEST_URI=/yii/admin/index.php?r=productos/admin
in /var/www/html/yii/admin/protected/views/productos/admin.php (63)
in /var/www/html/yii/admin/protected/controllers/ProductosController.php (144)
in /var/www/html/yii/admin/index.php (13)
2023/06/17 14:18:01 [error] [exception.ParseError] ParseError: syntax error, unexpected token "array", expecting ")" in /var/www/html/yii/admin/protected/views/productos/admin.php:46
Stack trace:
#0 /var/www/html/yii/framework/web/CBaseController.php(95): CBaseController->renderInternal()
#1 /var/www/html/yii/framework/web/CController.php(872): CBaseController->renderFile()
#2 /var/www/html/yii/framework/web/CController.php(785): CController->renderPartial()
#3 /var/www/html/yii/admin/protected/controllers/ProductosController.php(144): CController->render()
#4 /var/www/html/yii/framework/web/actions/CInlineAction.php(49): ProductosController->actionAdmin()
#5 /var/www/html/yii/framework/web/CController.php(308): CInlineAction->runWithParams()
#6 /var/www/html/yii/framework/web/filters/CFilterChain.php(134): CController->runAction()
#7 /var/www/html/yii/framework/web/filters/CFilter.php(40): CFilterChain->run()
#8 /var/www/html/yii/framework/web/CController.php(1148): CFilter->filter()
#9 /var/www/html/yii/framework/web/filters/CInlineFilter.php(58): CController->filterAccessControl()
#10 /var/www/html/yii/framework/web/filters/CFilterChain.php(131): CInlineFilter->filter()
#11 /var/www/html/yii/framework/web/CController.php(291): CFilterChain->run()
#12 /var/www/html/yii/framework/web/CController.php(265): CController->runActionWithFilters()
#13 /var/www/html/yii/framework/web/CWebApplication.php(282): CController->run()
#14 /var/www/html/yii/framework/web/CWebApplication.php(141): CWebApplication->runController()
#15 /var/www/html/yii/framework/base/CApplication.php(185): CWebApplication->processRequest()
#16 /var/www/html/yii/admin/index.php(13): CApplication->run()
#17 {main}
REQUEST_URI=/yii/admin/index.php?r=productos/admin
HTTP_REFERER=http://localhost/yii/admin/index.php?r=productos/admin
---
2023/06/17 14:18:08 [error] [exception.CException] CException: The column must be specified in the format of "Name:Type:Label", where "Type" and "Label" are optional. in /var/www/html/yii/framework/zii/widgets/grid/CGridView.php:429
Stack trace:
#0 /var/www/html/yii/framework/zii/widgets/grid/CGridView.php(399): CGridView->createDataColumn()
#1 /var/www/html/yii/framework/zii/widgets/grid/CGridView.php(375): CGridView->initColumns()
#2 /var/www/html/yii/framework/web/CBaseController.php(147): CGridView->init()
#3 /var/www/html/yii/framework/web/CBaseController.php(181): CBaseController->createWidget()
#4 /var/www/html/yii/admin/protected/views/productos/admin.php(34): CBaseController->widget()
#5 /var/www/html/yii/framework/web/CBaseController.php(126): require('...')
#6 /var/www/html/yii/framework/web/CBaseController.php(95): CBaseController->renderInternal()
#7 /var/www/html/yii/framework/web/CController.php(872): CBaseController->renderFile()
#8 /var/www/html/yii/framework/web/CController.php(785): CController->renderPartial()
#9 /var/www/html/yii/admin/protected/controllers/ProductosController.php(144): CController->render()
#10 /var/www/html/yii/framework/web/actions/CInlineAction.php(49): ProductosController->actionAdmin()
#11 /var/www/html/yii/framework/web/CController.php(308): CInlineAction->runWithParams()
#12 /var/www/html/yii/framework/web/filters/CFilterChain.php(134): CController->runAction()
#13 /var/www/html/yii/framework/web/filters/CFilter.php(40): CFilterChain->run()
#14 /var/www/html/yii/framework/web/CController.php(1148): CFilter->filter()
#15 /var/www/html/yii/framework/web/filters/CInlineFilter.php(58): CController->filterAccessControl()
#16 /var/www/html/yii/framework/web/filters/CFilterChain.php(131): CInlineFilter->filter()
#17 /var/www/html/yii/framework/web/CController.php(291): CFilterChain->run()
#18 /var/www/html/yii/framework/web/CController.php(265): CController->runActionWithFilters()
#19 /var/www/html/yii/framework/web/CWebApplication.php(282): CController->run()
#20 /var/www/html/yii/framework/web/CWebApplication.php(141): CWebApplication->runController()
#21 /var/www/html/yii/framework/base/CApplication.php(185): CWebApplication->processRequest()
#22 /var/www/html/yii/admin/index.php(13): CApplication->run()
#23 {main}
REQUEST_URI=/yii/admin/index.php?r=productos/admin
HTTP_REFERER=http://localhost/yii/admin/index.php?r=productos/admin
---
2023/06/17 14:21:36 [error] [exception.ParseError] ParseError: syntax error, unexpected token ";", expecting ")" in /var/www/html/yii/admin/protected/views/productos/admin.php:66
Stack trace:
#0 /var/www/html/yii/framework/web/CBaseController.php(95): CBaseController->renderInternal()
#1 /var/www/html/yii/framework/web/CController.php(872): CBaseController->renderFile()
#2 /var/www/html/yii/framework/web/CController.php(785): CController->renderPartial()
#3 /var/www/html/yii/admin/protected/controllers/ProductosController.php(144): CController->render()
#4 /var/www/html/yii/framework/web/actions/CInlineAction.php(49): ProductosController->actionAdmin()
#5 /var/www/html/yii/framework/web/CController.php(308): CInlineAction->runWithParams()
#6 /var/www/html/yii/framework/web/filters/CFilterChain.php(134): CController->runAction()
#7 /var/www/html/yii/framework/web/filters/CFilter.php(40): CFilterChain->run()
#8 /var/www/html/yii/framework/web/CController.php(1148): CFilter->filter()
#9 /var/www/html/yii/framework/web/filters/CInlineFilter.php(58): CController->filterAccessControl()
#10 /var/www/html/yii/framework/web/filters/CFilterChain.php(131): CInlineFilter->filter()
#11 /var/www/html/yii/framework/web/CController.php(291): CFilterChain->run()
#12 /var/www/html/yii/framework/web/CController.php(265): CController->runActionWithFilters()
#13 /var/www/html/yii/framework/web/CWebApplication.php(282): CController->run()
#14 /var/www/html/yii/framework/web/CWebApplication.php(141): CWebApplication->runController()
#15 /var/www/html/yii/framework/base/CApplication.php(185): CWebApplication->processRequest()
#16 /var/www/html/yii/admin/index.php(13): CApplication->run()
#17 {main}
REQUEST_URI=/yii/admin/index.php?r=productos/admin
HTTP_REFERER=http://localhost/yii/admin/index.php?r=productos/admin
---
